TN:
SF:src/controllers/get-data/get-data.ts
FN:4,<instance_members_initializer>
FN:5,GetDataController
FN:6,handle
FNF:3
FNH:3
FNDA:3,<instance_members_initializer>
FNDA:3,GetDataController
FNDA:3,handle
DA:1,1
DA:2,1
DA:3,1
DA:4,3
DA:5,3
DA:6,3
DA:7,3
DA:8,3
DA:9,2
DA:10,2
DA:11,2
DA:12,2
DA:13,2
DA:14,3
DA:15,1
DA:16,1
DA:17,1
DA:18,1
DA:19,1
DA:20,3
DA:21,3
LF:21
LH:21
BRDA:4,0,0,3
BRDA:5,1,0,3
BRDA:6,2,0,3
BRDA:9,3,0,2
BRDA:14,4,0,1
BRF:5
BRH:5
end_of_record
TN:
SF:src/controllers/post-data/post-data.ts
FN:9,<instance_members_initializer>
FN:10,MongoPostDataController
FN:11,handle
FNF:3
FNH:3
FNDA:1,<instance_members_initializer>
FNDA:1,MongoPostDataController
FNDA:1,handle
DA:1,1
DA:2,1
DA:3,1
DA:4,1
DA:5,1
DA:6,1
DA:7,1
DA:8,1
DA:9,1
DA:10,1
DA:11,1
DA:12,1
DA:13,1
DA:14,1
DA:15,1
DA:16,1
DA:17,1
DA:18,3
DA:19,0
DA:20,0
DA:21,0
DA:22,0
DA:23,0
DA:24,3
DA:25,1
DA:26,1
DA:27,1
DA:28,1
DA:29,1
DA:30,1
DA:31,1
DA:32,0
DA:33,0
DA:34,0
DA:35,0
DA:36,0
DA:37,1
DA:38,1
LF:38
LH:28
BRDA:9,0,0,1
BRDA:10,1,0,1
BRDA:11,2,0,1
BRDA:17,3,0,3
BRDA:18,4,0,0
BRDA:31,5,0,0
BRF:6
BRH:4
end_of_record
